[0/2] Re-checking globbed directories...
[1/2] Building CXX object scratch/CMakeFiles/scratch_vnu-leo-final.dir/vnu-leo-final.cc.o
[2/2] Linking CXX executable /home/osboxes/VNU-LEO/ns-3/build/scratch/ns3.40-vnu-leo-final-default
[PERFORMANCE] SGP4 position update set to 0.1s period (not each request)
Satellite topology
==================
Satellites
  SAT: ID = 0, at 4.39344,113.854,415387
    Devices to ground stations 
      02-06-00:00:00:00:00:01
        Feeder at 02-06-00:00:00:00:00:02, beam 1
        Feeder at 02-06-00:00:00:00:00:05, beam 2
        Feeder at 02-06-00:00:00:00:00:08, beam 3
        Feeder at 02-06-00:00:00:00:00:0b, beam 4
        Feeder at 02-06-00:00:00:00:00:0e, beam 5
        Feeder at 02-06-00:00:00:00:00:11, beam 6
        Feeder at 02-06-00:00:00:00:00:14, beam 7
        Feeder at 02-06-00:00:00:00:00:17, beam 8
        Feeder at 02-06-00:00:00:00:00:1a, beam 9
        Feeder at 02-06-00:00:00:00:00:1d, beam 10
        Feeder at 02-06-00:00:00:00:00:20, beam 11
        Feeder at 02-06-00:00:00:00:00:23, beam 12
        Feeder at 02-06-00:00:00:00:00:26, beam 13
        Feeder at 02-06-00:00:00:00:00:29, beam 14
        Feeder at 02-06-00:00:00:00:00:2c, beam 15
        Feeder at 02-06-00:00:00:00:00:2f, beam 16
        Feeder at 02-06-00:00:00:00:00:32, beam 17
        Feeder at 02-06-00:00:00:00:00:39, beam 18
        Feeder at 02-06-00:00:00:00:00:42, beam 19
        Feeder at 02-06-00:00:00:00:00:47, beam 20
        Feeder at 02-06-00:00:00:00:00:4a, beam 21
        Feeder at 02-06-00:00:00:00:00:4d, beam 22
        Feeder at 02-06-00:00:00:00:00:50, beam 23
        Feeder at 02-06-00:00:00:00:00:53, beam 24
        Feeder at 02-06-00:00:00:00:00:56, beam 25
        Feeder at 02-06-00:00:00:00:00:59, beam 26
        Feeder at 02-06-00:00:00:00:00:5c, beam 27
        Feeder at 02-06-00:00:00:00:00:5f, beam 28
        Feeder at 02-06-00:00:00:00:00:62, beam 29
        Feeder at 02-06-00:00:00:00:00:65, beam 30
        Feeder at 02-06-00:00:00:00:00:68, beam 31
        Feeder at 02-06-00:00:00:00:00:6b, beam 32
        Feeder at 02-06-00:00:00:00:00:6e, beam 33
        Feeder at 02-06-00:00:00:00:00:71, beam 34
        Feeder at 02-06-00:00:00:00:00:74, beam 35
        Feeder at 02-06-00:00:00:00:00:77, beam 36
        Feeder at 02-06-00:00:00:00:00:7a, beam 37
        Feeder at 02-06-00:00:00:00:00:7d, beam 38
        Feeder at 02-06-00:00:00:00:00:80, beam 39
        Feeder at 02-06-00:00:00:00:00:83, beam 40
        Feeder at 02-06-00:00:00:00:00:86, beam 41
        Feeder at 02-06-00:00:00:00:00:89, beam 42
        Feeder at 02-06-00:00:00:00:00:8c, beam 43
        Feeder at 02-06-00:00:00:00:00:8f, beam 44
        Feeder at 02-06-00:00:00:00:00:92, beam 45
        Feeder at 02-06-00:00:00:00:00:95, beam 46
        Feeder at 02-06-00:00:00:00:00:98, beam 47
        Feeder at 02-06-00:00:00:00:00:9b, beam 48
        Feeder at 02-06-00:00:00:00:00:9e, beam 49
        Feeder at 02-06-00:00:00:00:00:a1, beam 50
        Feeder at 02-06-00:00:00:00:00:a4, beam 51
        Feeder at 02-06-00:00:00:00:00:a7, beam 52
        Feeder at 02-06-00:00:00:00:00:aa, beam 53
        Feeder at 02-06-00:00:00:00:00:ad, beam 54
        Feeder at 02-06-00:00:00:00:00:b0, beam 55
        Feeder at 02-06-00:00:00:00:00:b3, beam 56
        Feeder at 02-06-00:00:00:00:00:b6, beam 57
        Feeder at 02-06-00:00:00:00:00:b9, beam 58
        Feeder at 02-06-00:00:00:00:00:bc, beam 59
        Feeder at 02-06-00:00:00:00:00:bf, beam 60
        Feeder at 02-06-00:00:00:00:00:c2, beam 61
        Feeder at 02-06-00:00:00:00:00:c5, beam 62
        Feeder at 02-06-00:00:00:00:00:c8, beam 63
        Feeder at 02-06-00:00:00:00:00:cb, beam 64
        Feeder at 02-06-00:00:00:00:00:ce, beam 65
        Feeder at 02-06-00:00:00:00:00:d1, beam 66
        Feeder at 02-06-00:00:00:00:00:d4, beam 67
        Feeder at 02-06-00:00:00:00:00:d7, beam 68
        Feeder at 02-06-00:00:00:00:00:da, beam 69
        Feeder at 02-06-00:00:00:00:00:dd, beam 70
        Feeder at 02-06-00:00:00:00:00:e0, beam 71
        Feeder at 02-06-00:00:00:00:00:e3, beam 72
      Feeder connected to
        00:00:00:00:00:04
        00:00:00:00:00:07
        00:00:00:00:00:0a
        00:00:00:00:00:0d
        00:00:00:00:00:10
        00:00:00:00:00:13
        00:00:00:00:00:16
        00:00:00:00:00:19
        00:00:00:00:00:1c
        00:00:00:00:00:1f
        00:00:00:00:00:22
        00:00:00:00:00:25
        00:00:00:00:00:28
        00:00:00:00:00:2b
        00:00:00:00:00:2e
        00:00:00:00:00:31
        00:00:00:00:00:34
        00:00:00:00:00:3b
        00:00:00:00:00:44
        00:00:00:00:00:49
        00:00:00:00:00:4c
        00:00:00:00:00:4f
        00:00:00:00:00:52
        00:00:00:00:00:55
        00:00:00:00:00:58
        00:00:00:00:00:5b
        00:00:00:00:00:5e
        00:00:00:00:00:61
        00:00:00:00:00:64
        00:00:00:00:00:67
        00:00:00:00:00:6a
        00:00:00:00:00:6d
        00:00:00:00:00:70
        00:00:00:00:00:73
        00:00:00:00:00:76
        00:00:00:00:00:79
        00:00:00:00:00:7c
        00:00:00:00:00:7f
        00:00:00:00:00:82
        00:00:00:00:00:85
        00:00:00:00:00:88
        00:00:00:00:00:8b
        00:00:00:00:00:8e
        00:00:00:00:00:91
        00:00:00:00:00:94
        00:00:00:00:00:97
        00:00:00:00:00:9a
        00:00:00:00:00:9d
        00:00:00:00:00:a0
        00:00:00:00:00:a3
        00:00:00:00:00:a6
        00:00:00:00:00:a9
        00:00:00:00:00:ac
        00:00:00:00:00:af
        00:00:00:00:00:b2
        00:00:00:00:00:b5
        00:00:00:00:00:b8
        00:00:00:00:00:bb
        00:00:00:00:00:be
        00:00:00:00:00:c1
        00:00:00:00:00:c4
        00:00:00:00:00:c7
        00:00:00:00:00:ca
        00:00:00:00:00:cd
        00:00:00:00:00:d0
        00:00:00:00:00:d3
        00:00:00:00:00:d6
        00:00:00:00:00:d9
        00:00:00:00:00:dc
        00:00:00:00:00:df
        00:00:00:00:00:e2
        00:00:00:00:00:e5
        User at 02-06-00:00:00:00:00:03, beam 1
        User at 02-06-00:00:00:00:00:06, beam 2
        User at 02-06-00:00:00:00:00:09, beam 3
        User at 02-06-00:00:00:00:00:0c, beam 4
        User at 02-06-00:00:00:00:00:0f, beam 5
        User at 02-06-00:00:00:00:00:12, beam 6
        User at 02-06-00:00:00:00:00:15, beam 7
        User at 02-06-00:00:00:00:00:18, beam 8
        User at 02-06-00:00:00:00:00:1b, beam 9
        User at 02-06-00:00:00:00:00:1e, beam 10
        User at 02-06-00:00:00:00:00:21, beam 11
        User at 02-06-00:00:00:00:00:24, beam 12
        User at 02-06-00:00:00:00:00:27, beam 13
        User at 02-06-00:00:00:00:00:2a, beam 14
        User at 02-06-00:00:00:00:00:2d, beam 15
        User at 02-06-00:00:00:00:00:30, beam 16
        User at 02-06-00:00:00:00:00:33, beam 17
        User at 02-06-00:00:00:00:00:3a, beam 18
        User at 02-06-00:00:00:00:00:43, beam 19
        User at 02-06-00:00:00:00:00:48, beam 20
        User at 02-06-00:00:00:00:00:4b, beam 21
        User at 02-06-00:00:00:00:00:4e, beam 22
        User at 02-06-00:00:00:00:00:51, beam 23
        User at 02-06-00:00:00:00:00:54, beam 24
        User at 02-06-00:00:00:00:00:57, beam 25
        User at 02-06-00:00:00:00:00:5a, beam 26
        User at 02-06-00:00:00:00:00:5d, beam 27
        User at 02-06-00:00:00:00:00:60, beam 28
        User at 02-06-00:00:00:00:00:63, beam 29
        User at 02-06-00:00:00:00:00:66, beam 30
        User at 02-06-00:00:00:00:00:69, beam 31
        User at 02-06-00:00:00:00:00:6c, beam 32
        User at 02-06-00:00:00:00:00:6f, beam 33
        User at 02-06-00:00:00:00:00:72, beam 34
        User at 02-06-00:00:00:00:00:75, beam 35
        User at 02-06-00:00:00:00:00:78, beam 36
        User at 02-06-00:00:00:00:00:7b, beam 37
        User at 02-06-00:00:00:00:00:7e, beam 38
        User at 02-06-00:00:00:00:00:81, beam 39
        User at 02-06-00:00:00:00:00:84, beam 40
        User at 02-06-00:00:00:00:00:87, beam 41
        User at 02-06-00:00:00:00:00:8a, beam 42
        User at 02-06-00:00:00:00:00:8d, beam 43
        User at 02-06-00:00:00:00:00:90, beam 44
        User at 02-06-00:00:00:00:00:93, beam 45
        User at 02-06-00:00:00:00:00:96, beam 46
        User at 02-06-00:00:00:00:00:99, beam 47
        User at 02-06-00:00:00:00:00:9c, beam 48
        User at 02-06-00:00:00:00:00:9f, beam 49
        User at 02-06-00:00:00:00:00:a2, beam 50
        User at 02-06-00:00:00:00:00:a5, beam 51
        User at 02-06-00:00:00:00:00:a8, beam 52
        User at 02-06-00:00:00:00:00:ab, beam 53
        User at 02-06-00:00:00:00:00:ae, beam 54
        User at 02-06-00:00:00:00:00:b1, beam 55
        User at 02-06-00:00:00:00:00:b4, beam 56
        User at 02-06-00:00:00:00:00:b7, beam 57
        User at 02-06-00:00:00:00:00:ba, beam 58
        User at 02-06-00:00:00:00:00:bd, beam 59
        User at 02-06-00:00:00:00:00:c0, beam 60
        User at 02-06-00:00:00:00:00:c3, beam 61
        User at 02-06-00:00:00:00:00:c6, beam 62
        User at 02-06-00:00:00:00:00:c9, beam 63
        User at 02-06-00:00:00:00:00:cc, beam 64
        User at 02-06-00:00:00:00:00:cf, beam 65
        User at 02-06-00:00:00:00:00:d2, beam 66
        User at 02-06-00:00:00:00:00:d5, beam 67
        User at 02-06-00:00:00:00:00:d8, beam 68
        User at 02-06-00:00:00:00:00:db, beam 69
        User at 02-06-00:00:00:00:00:de, beam 70
        User at 02-06-00:00:00:00:00:e1, beam 71
        User at 02-06-00:00:00:00:00:e4, beam 72
      User connected to
        00:00:00:00:00:3c
        00:00:00:00:00:3d
        00:00:00:00:00:45
        00:00:00:00:00:46
    ISLs 
GWs
  GW: ID = 1, at 17.69,101.62,0
  Devices 
    02-06-00:00:00:00:00:04, sat: 0, beam: 1
    02-06-00:00:00:00:00:0a, sat: 0, beam: 3
    02-06-00:00:00:00:00:10, sat: 0, beam: 5
    02-06-00:00:00:00:00:16, sat: 0, beam: 7
    02-06-00:00:00:00:00:1c, sat: 0, beam: 9
    02-06-00:00:00:00:00:22, sat: 0, beam: 11
    02-06-00:00:00:00:00:28, sat: 0, beam: 13
    02-06-00:00:00:00:00:2e, sat: 0, beam: 15
    02-06-00:00:00:00:00:34, sat: 0, beam: 17
    02-06-00:00:00:00:00:44, sat: 0, beam: 19
    02-06-00:00:00:00:00:4c, sat: 0, beam: 21
    02-06-00:00:00:00:00:52, sat: 0, beam: 23
    02-06-00:00:00:00:00:58, sat: 0, beam: 25
    02-06-00:00:00:00:00:5e, sat: 0, beam: 27
    02-06-00:00:00:00:00:64, sat: 0, beam: 29
    02-06-00:00:00:00:00:6a, sat: 0, beam: 31
    02-06-00:00:00:00:00:70, sat: 0, beam: 33
    02-06-00:00:00:00:00:76, sat: 0, beam: 35
    02-06-00:00:00:00:00:7c, sat: 0, beam: 37
    02-06-00:00:00:00:00:82, sat: 0, beam: 39
    02-06-00:00:00:00:00:88, sat: 0, beam: 41
    02-06-00:00:00:00:00:8e, sat: 0, beam: 43
    02-06-00:00:00:00:00:94, sat: 0, beam: 45
    02-06-00:00:00:00:00:9a, sat: 0, beam: 47
    02-06-00:00:00:00:00:a0, sat: 0, beam: 49
    02-06-00:00:00:00:00:a6, sat: 0, beam: 51
    02-06-00:00:00:00:00:ac, sat: 0, beam: 53
    02-06-00:00:00:00:00:b2, sat: 0, beam: 55
    02-06-00:00:00:00:00:b8, sat: 0, beam: 57
    02-06-00:00:00:00:00:be, sat: 0, beam: 59
    02-06-00:00:00:00:00:c4, sat: 0, beam: 61
    02-06-00:00:00:00:00:ca, sat: 0, beam: 63
    02-06-00:00:00:00:00:d0, sat: 0, beam: 65
    02-06-00:00:00:00:00:d6, sat: 0, beam: 67
    02-06-00:00:00:00:00:dc, sat: 0, beam: 69
    02-06-00:00:00:00:00:e2, sat: 0, beam: 71
  GW: ID = 2, at 15.93,96.54,-9.31323e-10
  Devices 
    02-06-00:00:00:00:00:07, sat: 0, beam: 2
    02-06-00:00:00:00:00:0d, sat: 0, beam: 4
    02-06-00:00:00:00:00:13, sat: 0, beam: 6
    02-06-00:00:00:00:00:19, sat: 0, beam: 8
    02-06-00:00:00:00:00:1f, sat: 0, beam: 10
    02-06-00:00:00:00:00:25, sat: 0, beam: 12
    02-06-00:00:00:00:00:2b, sat: 0, beam: 14
    02-06-00:00:00:00:00:31, sat: 0, beam: 16
    02-06-00:00:00:00:00:3b, sat: 0, beam: 18
    02-06-00:00:00:00:00:49, sat: 0, beam: 20
    02-06-00:00:00:00:00:4f, sat: 0, beam: 22
    02-06-00:00:00:00:00:55, sat: 0, beam: 24
    02-06-00:00:00:00:00:5b, sat: 0, beam: 26
    02-06-00:00:00:00:00:61, sat: 0, beam: 28
    02-06-00:00:00:00:00:67, sat: 0, beam: 30
    02-06-00:00:00:00:00:6d, sat: 0, beam: 32
    02-06-00:00:00:00:00:73, sat: 0, beam: 34
    02-06-00:00:00:00:00:79, sat: 0, beam: 36
    02-06-00:00:00:00:00:7f, sat: 0, beam: 38
    02-06-00:00:00:00:00:85, sat: 0, beam: 40
    02-06-00:00:00:00:00:8b, sat: 0, beam: 42
    02-06-00:00:00:00:00:91, sat: 0, beam: 44
    02-06-00:00:00:00:00:97, sat: 0, beam: 46
    02-06-00:00:00:00:00:9d, sat: 0, beam: 48
    02-06-00:00:00:00:00:a3, sat: 0, beam: 50
    02-06-00:00:00:00:00:a9, sat: 0, beam: 52
    02-06-00:00:00:00:00:af, sat: 0, beam: 54
    02-06-00:00:00:00:00:b5, sat: 0, beam: 56
    02-06-00:00:00:00:00:bb, sat: 0, beam: 58
    02-06-00:00:00:00:00:c1, sat: 0, beam: 60
    02-06-00:00:00:00:00:c7, sat: 0, beam: 62
    02-06-00:00:00:00:00:cd, sat: 0, beam: 64
    02-06-00:00:00:00:00:d3, sat: 0, beam: 66
    02-06-00:00:00:00:00:d9, sat: 0, beam: 68
    02-06-00:00:00:00:00:df, sat: 0, beam: 70
    02-06-00:00:00:00:00:e5, sat: 0, beam: 72
UTs
  UT: ID = 3, at 20,110,0
  Devices 
    02-06-00:00:00:00:00:3c, sat: 0, beam: 18. Linked to GW 02-06-00:00:00:00:00:3b
  UT: ID = 4, at 19,110,9.31323e-10
  Devices 
    02-06-00:00:00:00:00:3d, sat: 0, beam: 18. Linked to GW 02-06-00:00:00:00:00:3b
  UT: ID = 7, at 21,111,0
  Devices 
    02-06-00:00:00:00:00:45, sat: 0, beam: 19. Linked to GW 02-06-00:00:00:00:00:44
  UT: ID = 8, at 18,115,0
  Devices 
    02-06-00:00:00:00:00:46, sat: 0, beam: 19. Linked to GW 02-06-00:00:00:00:00:44
  UT: ID = 13, at 43.5,108,0
  Devices 
    (disconnected)
GW users
  GW user: ID = 12
UT users
  GW user: ID = 5
  GW user: ID = 6
  GW user: ID = 9
  GW user: ID = 10
==================

[INFO] FlowMonitor installed on ALL nodes
[PROGRESS] t=5s real=6.3e-06s currentEventAmount=0+1023147 ev_amt_per_sec=2.05e+05 real_per_sim=1.26e-06 | LBTrace: 652 calls, 27 throttled, 4.4ms total, 0.006736ms/call | Internal: 0%
[PROGRESS] t=1e+01s real=1.01s currentEventAmount=1023147+1022761 ev_amt_per_sec=2.05e+05 real_per_sim=0.101 | LBTrace: 686 calls, 39 throttled, 4.6ms total, 0.006639ms/call | Internal: 1e+02%
[PROGRESS] t=2e+01s real=2.18s currentEventAmount=2045908+1170880 ev_amt_per_sec=2.34e+05 real_per_sim=0.146 | LBTrace: 735 calls, 40 throttled, 4.5ms total, 0.006088ms/call | Internal: 1e+02%
[PROGRESS] t=2e+01s real=3.53s currentEventAmount=3216788+1336835 ev_amt_per_sec=2.67e+05 real_per_sim=0.176 | LBTrace: 790 calls, 42 throttled, 5.1ms total, 0.006415ms/call | Internal: 1e+02%
[PROGRESS] t=2e+01s real=4.59s currentEventAmount=4553623+1023146 ev_amt_per_sec=2.05e+05 real_per_sim=0.184 | LBTrace: 680 calls, 39 throttled, 4.8ms total, 0.007013ms/call | Internal: 1e+02%
[PROGRESS] t=3e+01s real=5.65s currentEventAmount=5576769+1023239 ev_amt_per_sec=2.05e+05 real_per_sim=0.188 | LBTrace: 682 calls, 40 throttled, 4.9ms total, 0.007249ms/call | Internal: 1e+02%
[PROGRESS] t=4e+01s real=6.69s currentEventAmount=6600008+1023096 ev_amt_per_sec=2.05e+05 real_per_sim=0.191 | LBTrace: 683 calls, 39 throttled, 5.1ms total, 0.007511ms/call | Internal: 1e+02%
[PROGRESS] t=4e+01s real=7.72s currentEventAmount=7623104+1023101 ev_amt_per_sec=2.05e+05 real_per_sim=0.193 | LBTrace: 680 calls, 40 throttled, 4.9ms total, 0.007194ms/call | Internal: 1e+02%
[PROGRESS] t=4e+01s real=8.77s currentEventAmount=8646205+1023104 ev_amt_per_sec=2.05e+05 real_per_sim=0.195 | LBTrace: 684 calls, 40 throttled, 5ms total, 0.007338ms/call | Internal: 1e+02%
[PROGRESS] t=5e+01s real=9.76s currentEventAmount=9669309+1023105 ev_amt_per_sec=2.05e+05 real_per_sim=0.195 | LBTrace: 687 calls, 40 throttled, 4.7ms total, 0.006813ms/call | Internal: 1e+02%
[PROGRESS] t=6e+01s real=10.6s currentEventAmount=10692414+747064 ev_amt_per_sec=1.49e+05 real_per_sim=0.192 | LBTrace: 599 calls, 40 throttled, 4.7ms total, 0.007765ms/call | Internal: 1e+02%
[PROGRESS] t=6e+01s real=11.3s currentEventAmount=11439478+702626 ev_amt_per_sec=1.41e+05 real_per_sim=0.188 | LBTrace: 580 calls, 40 throttled, 4.6ms total, 0.007988ms/call | Internal: 1e+02%
[PROGRESS] t=6e+01s real=12s currentEventAmount=12142104+702496 ev_amt_per_sec=1.4e+05 real_per_sim=0.185 | LBTrace: 583 calls, 40 throttled, 4ms total, 0.00681ms/call | Internal: 1e+02%
[PROGRESS] t=7e+01s real=12.7s currentEventAmount=12844600+702476 ev_amt_per_sec=1.4e+05 real_per_sim=0.182 | LBTrace: 580 calls, 40 throttled, 5.4ms total, 0.009372ms/call | Internal: 1e+02%
[PROGRESS] t=8e+01s real=13.5s currentEventAmount=13547076+702476 ev_amt_per_sec=1.4e+05 real_per_sim=0.179 | LBTrace: 580 calls, 40 throttled, 4.1ms total, 0.007079ms/call | Internal: 1e+02%
[PROGRESS] t=8e+01s real=14.2s currentEventAmount=14249552+702475 ev_amt_per_sec=1.4e+05 real_per_sim=0.177 | LBTrace: 580 calls, 40 throttled, 4.8ms total, 0.00831ms/call | Internal: 1e+02%
[PROGRESS] t=8e+01s real=14.9s currentEventAmount=14952027+702473 ev_amt_per_sec=1.4e+05 real_per_sim=0.176 | LBTrace: 580 calls, 40 throttled, 4.6ms total, 0.007911ms/call | Internal: 1e+02%
[PROGRESS] t=9e+01s real=15.7s currentEventAmount=15654500+702475 ev_amt_per_sec=1.4e+05 real_per_sim=0.175 | LBTrace: 580 calls, 40 throttled, 5.1ms total, 0.008875ms/call | Internal: 1e+02%
[PROGRESS] t=1e+02s real=16.5s currentEventAmount=16356975+702476 ev_amt_per_sec=1.4e+05 real_per_sim=0.174 | LBTrace: 580 calls, 40 throttled, 4.6ms total, 0.007927ms/call | Internal: 1e+02%
[INFO] FlowMonitor captured 8 flows
[FLOW] 90.3.0.2 -> 10.1.0.2: 98 packets, 2940 bytes
[FLOW] 90.3.0.2 -> 10.2.0.2: 98 packets, 2940 bytes
[FLOW] 90.3.0.2 -> 10.3.0.2: 98 packets, 2940 bytes
[FLOW] 90.3.0.2 -> 10.4.0.2: 97 packets, 2910 bytes
[FLOW] 10.1.0.2 -> 90.3.0.2: 98 packets, 2940 bytes
[FLOW] 10.2.0.2 -> 90.3.0.2: 98 packets, 2940 bytes
[FLOW] 10.3.0.2 -> 90.3.0.2: 97 packets, 2910 bytes
[FLOW] 10.4.0.2 -> 90.3.0.2: 97 packets, 2910 bytes
[INFO] FlowMonitor summary complete (XML output disabled)
